CMD: ffmpeg -y -i /Users/marcusduggs/Golf_Caddie/media/input/Marcus_nBjS2PV.mov -i /Users/marcusduggs/Golf_Caddie/media/output/Marcus_processed_first_frame.png -filter_complex [1:v]scale=144:-1[map];[0:v][map]overlay=main_w-overlay_w-10:main_h-overlay_h-10 -map 0:a? -c:v libx264 -preset veryfast -crf 23 -pix_fmt yuv420p -c:a aac -b:a 128k -movflags +faststart /Users/marcusduggs/Golf_Caddie/media/output/Marcus_processed.mp4

ffmpeg version 8.0.1 Copyright (c) 2000-2025 the FFmpeg developers
  built with Apple clang version 16.0.0 (clang-1600.0.26.6)
  configuration: --prefix=/usr/local/Cellar/ffmpeg/8.0.1 --enable-shared --enable-pthreads --enable-version3 --cc=clang --host-cflags= --host-ldflags= --enable-ffplay --enable-gnutls --enable-gpl --enable-libaom --enable-libaribb24 --enable-libbluray --enable-libdav1d --enable-libharfbuzz --enable-libjxl --enable-libmp3lame --enable-libopus --enable-librav1e --enable-librist --enable-librubberband --enable-libsnappy --enable-libsrt --enable-libssh --enable-libsvtav1 --enable-libtesseract --enable-libtheora --enable-libvidstab --enable-libvmaf --enable-libvorbis --enable-libvpx --enable-libwebp --enable-libx264 --enable-libx265 --enable-libxml2 --enable-libxvid --enable-lzma --enable-libfontconfig --enable-libfreetype --enable-frei0r --enable-libass --enable-libopencore-amrnb --enable-libopencore-amrwb --enable-libopenjpeg --enable-libspeex --enable-libsoxr --enable-libzmq --enable-libzimg --disable-libjack --disable-indev=jack --enable-videotoolbox --enable-audiotoolbox
  libavutil      60.  8.100 / 60.  8.100
  libavcodec     62. 11.100 / 62. 11.100
  libavformat    62.  3.100 / 62.  3.100
  libavdevice    62.  1.100 / 62.  1.100
  libavfilter    11.  4.100 / 11.  4.100
  libswscale      9.  1.100 /  9.  1.100
  libswresample   6.  1.100 /  6.  1.100
Input #0, mov,mp4,m4a,3gp,3g2,mj2, from '/Users/marcusduggs/Golf_Caddie/media/input/Marcus_nBjS2PV.mov':
  Metadata:
    major_brand     : qt  
    minor_version   : 0
    compatible_brands: qt  
    creation_time   : 2025-10-19T00:53:41.000000Z
    com.apple.quicktime.creationdate: 2025-01-12T10:59:07-1000
    com.apple.photos.originating.signature: AcI6Db3NLlA03A41YeOJuNW2tHmJ
    com.apple.quicktime.location.ISO6709: +21.9173-159.5286+000.000/
  Duration: 00:00:11.54, start: 0.000000, bitrate: 2447 kb/s
  Stream #0:0[0x1](und): Audio: aac (LC) (mp4a / 0x6134706D), 44100 Hz, stereo, fltp, 167 kb/s (default)
    Metadata:
      creation_time   : 2025-10-19T00:53:41.000000Z
      handler_name    : Core Media Audio
      vendor_id       : [0][0][0][0]
  Stream #0:1[0x2](und): Video: h264 (Main) (avc1 / 0x31637661), yuv420p(tv, bt709, progressive), 720x1280, 2271 kb/s, 30 fps, 30 tbr, 600 tbn (default)
    Metadata:
      creation_time   : 2025-10-19T00:53:41.000000Z
      handler_name    : Core Media Video
      vendor_id       : [0][0][0][0]
      encoder         : H.264
  Stream #0:2[0x3](und): Data: none (mebx / 0x7862656D), 0 kb/s (default)
    Metadata:
      creation_time   : 2025-10-19T00:53:41.000000Z
      handler_name    : Core Media Metadata
  Stream #0:3[0x4](und): Data: none (mebx / 0x7862656D), 0 kb/s (default)
    Metadata:
      creation_time   : 2025-10-19T00:53:41.000000Z
      handler_name    : Core Media Metadata
Input #1, png_pipe, from '/Users/marcusduggs/Golf_Caddie/media/output/Marcus_processed_first_frame.png':
  Duration: N/A, bitrate: N/A
  Stream #1:0: Video: png, rgb24(pc, gbr/bt709/bt709), 720x1280, 25 fps, 25 tbr, 25 tbn
Stream mapping:
  Stream #0:1 (h264) -> overlay
  Stream #1:0 (png) -> scale:default
  overlay:default -> Stream #0:0 (libx264)
  Stream #0:0 -> #0:1 (aac (native) -> aac (native))
Press [q] to stop, [?] for help
[libx264 @ 0x7f9090207500] using cpu capabilities: MMX2 SSE2Fast SSSE3 SSE4.2 AVX FMA3 BMI2 AVX2
[libx264 @ 0x7f9090207500] profile High, level 3.1, 4:2:0, 8-bit
[libx264 @ 0x7f9090207500] 264 - core 165 r3222 b35605a - H.264/MPEG-4 AVC codec - Copyleft 2003-2025 - http://www.videolan.org/x264.html - options: cabac=1 ref=1 deblock=1:0:0 analyse=0x3:0x113 me=hex subme=2 psy=1 psy_rd=1.00:0.00 mixed_ref=0 me_range=16 chroma_me=1 trellis=0 8x8dct=1 cqm=0 deadzone=21,11 fast_pskip=1 chroma_qp_offset=0 threads=12 lookahead_threads=4 sliced_threads=0 nr=0 decimate=1 interlaced=0 bluray_compat=0 constrained_intra=0 bframes=3 b_pyramid=2 b_adapt=1 b_bias=0 direct=1 weightb=1 open_gop=0 weightp=1 keyint=250 keyint_min=25 scenecut=40 intra_refresh=0 rc_lookahead=10 rc=crf mbtree=1 crf=23.0 qcomp=0.60 qpmin=0 qpmax=69 qpstep=4 ip_ratio=1.40 aq=1:1.00
Output #0, mp4, to '/Users/marcusduggs/Golf_Caddie/media/output/Marcus_processed.mp4':
  Metadata:
    major_brand     : qt  
    minor_version   : 0
    compatible_brands: qt  
    com.apple.quicktime.location.ISO6709: +21.9173-159.5286+000.000/
    com.apple.quicktime.creationdate: 2025-01-12T10:59:07-1000
    com.apple.photos.originating.signature: AcI6Db3NLlA03A41YeOJuNW2tHmJ
    encoder         : Lavf62.3.100
  Stream #0:0: Video: h264 (avc1 / 0x31637661), yuv420p(tv, bt709, progressive), 720x1280, q=2-31, 30 fps, 15360 tbn
    Metadata:
      encoder         : Lavc62.11.100 libx264
    Side data:
      cpb: bitrate max/min/avg: 0/0/0 buffer size: 0 vbv_delay: N/A
  Stream #0:1(und): Audio: aac (LC) (mp4a / 0x6134706D), 44100 Hz, stereo, fltp, 128 kb/s (default)
    Metadata:
      encoder         : Lavc62.11.100 aac
      creation_time   : 2025-10-19T00:53:41.000000Z
      handler_name    : Core Media Audio
      vendor_id       : [0][0][0][0]
frame=   82 fps=0.0 q=29.0 size=     512KiB time=00:00:02.66 bitrate=1573.0kbits/s speed=5.33x elapsed=0:00:00.50    
frame=  208 fps=208 q=29.0 size=    1280KiB time=00:00:06.86 bitrate=1527.1kbits/s speed=6.85x elapsed=0:00:01.00    
frame=  334 fps=222 q=29.0 size=    2304KiB time=N/A bitrate=N/A speed=N/A elapsed=0:00:01.50    
[mp4 @ 0x7f9090206380] Starting second pass: moving the moov atom to the beginning of the file
[out#0/mp4 @ 0x7f9090206180] video:2331KiB audio:180KiB subtitle:0KiB other streams:0KiB global headers:0KiB muxing overhead: 0.541768%
frame=  346 fps=228 q=-1.0 Lsize=    2525KiB time=00:00:11.46 bitrate=1803.7kbits/s speed=7.57x elapsed=0:00:01.51    
[libx264 @ 0x7f9090207500] frame I:2     Avg QP:21.87  size:141986
[libx264 @ 0x7f9090207500] frame P:88    Avg QP:24.48  size: 20154
[libx264 @ 0x7f9090207500] frame B:256   Avg QP:28.40  size:  1283
[libx264 @ 0x7f9090207500] consecutive B-frames:  0.6%  1.2%  3.5% 94.8%
[libx264 @ 0x7f9090207500] mb I  I16..4:  6.8% 25.9% 67.3%
[libx264 @ 0x7f9090207500] mb P  I16..4:  0.9%  1.6%  0.3%  P16..4: 42.0% 11.5%  8.0%  0.0%  0.0%    skip:35.6%
[libx264 @ 0x7f9090207500] mb B  I16..4:  0.0%  0.0%  0.0%  B16..8:  4.5%  1.6%  0.3%  direct: 1.8%  skip:91.7%  L0:25.7% L1:45.4% BI:28.9%
[libx264 @ 0x7f9090207500] 8x8 transform intra:43.0% inter:29.8%
[libx264 @ 0x7f9090207500] coded y,uvDC,uvAC intra: 63.6% 45.2% 10.9% inter: 7.6% 2.5% 0.1%
[libx264 @ 0x7f9090207500] i16 v,h,dc,p: 22% 40% 26% 12%
[libx264 @ 0x7f9090207500] i8 v,h,dc,ddl,ddr,vr,hd,vl,hu: 17% 37% 21%  3%  4%  3%  6%  3%  5%
[libx264 @ 0x7f9090207500] i4 v,h,dc,ddl,ddr,vr,hd,vl,hu: 13% 20% 14%  7% 11%  8% 10%  6% 10%
[libx264 @ 0x7f9090207500] i8c dc,h,v,p: 48% 30% 17%  6%
[libx264 @ 0x7f9090207500] Weighted P-Frames: Y:2.3% UV:0.0%
[libx264 @ 0x7f9090207500] kb/s:1654.98
[aac @ 0x7f9090208a40] Qavg: 318.459
